{
  "RSpec": {
    "coverage": {
      "/home/travis/build/MarcGrimme/rubycritic-small-badge/lib/rubycritic_small_badge.rb": {
        "lines": [
          null,
          null,
          1,
          null,
          null,
          1,
          1,
          1,
          2,
          null,
          null,
          1,
          8,
          null,
          null,
          null,
          1,
          1,
          1
        ]
      },
      "/home/travis/build/MarcGrimme/rubycritic-small-badge/lib/rubycritic_small_badge/configuration.rb": {
        "lines": [
          null,
          null,
          1,
          null,
          null,
          1,
          null,
          null,
          1,
          5,
          null,
          null,
          null,
          null,
          null,
          null,
          null,
          null,
          null,
          null,
          null,
          null,
          null,
          null,
          null,
          null,
          null,
          null,
          null,
          null,
          null,
          null,
          null,
          null,
          null,
          1,
          26,
          41,
          null,
          null,
          1,
          null,
          21,
          null,
          null,
          1,
          6,
          6,
          120,
          null,
          6,
          null,
          null,
          null
        ]
      },
      "/home/travis/build/MarcGrimme/rubycritic-small-badge/lib/rubycritic_small_badge/report.rb": {
        "lines": [
          null,
          null,
          1,
          1,
          null,
          1,
          null,
          1,
          1,
          3,
          3,
          null,
          null,
          1,
          3,
          3,
          3,
          3,
          3,
          null,
          null,
          1,
          null,
          1,
          3,
          null,
          null,
          1,
          3,
          null,
          null,
          1,
          3,
          3,
          3,
          null,
          null,
          1,
          3,
          null,
          null,
          1,
          6,
          4,
          2,
          null,
          2,
          null,
          null,
          2,
          null,
          null,
          null,
          1,
          6,
          6,
          120,
          null,
          null,
          120,
          120,
          null,
          6,
          null,
          null,
          null
        ]
      },
      "/home/travis/build/MarcGrimme/rubycritic-small-badge/spec/support/mocks.rb": {
        "lines": [
          null,
          null,
          1,
          1,
          null,
          null,
          null,
          1,
          1,
          null,
          1,
          null,
          null,
          null,
          null,
          3,
          3,
          null,
          3,
          3,
          3,
          null,
          null,
          null,
          1,
          3,
          null,
          3,
          60,
          null,
          null,
          60,
          60,
          null,
          3,
          null,
          null,
          1,
          3,
          3,
          null,
          null,
          3,
          null,
          null,
          null
        ]
      },
      "/home/travis/build/MarcGrimme/rubycritic-small-badge/spec/rubycritic_small_badge_report_spec.rb": {
        "lines": [
          null,
          null,
          1,
          null,
          1,
          1,
          null,
          1,
          1,
          2,
          1,
          1,
          null,
          1,
          1,
          null,
          null,
          null,
          1,
          2,
          1,
          1,
          null,
          1,
          1,
          null,
          null,
          null,
          1,
          2,
          1,
          1,
          1,
          null,
          null,
          null,
          null
        ]
      },
      "/home/travis/build/MarcGrimme/rubycritic-small-badge/spec/rubycritic_small_badge_spec.rb": {
        "lines": [
          null,
          null,
          1,
          null,
          1,
          1,
          1,
          1,
          1,
          1,
          null,
          1,
          null,
          null,
          null,
          1,
          1,
          1,
          1,
          1,
          null,
          null,
          null,
          null,
          null,
          null
        ]
      }
    },
    "timestamp": 1584083762
  }
}
